#
# There is insufficient memory for the Java Runtime Environment to continue.
# Native memory allocation (malloc) failed to allocate 1440016 bytes for Chunk::new
# Possible reasons:
#   The system is out of physical RAM or swap space
#   In 32 bit mode, the process size limit was hit
# Possible solutions:
#   Reduce memory load on the system
#   Increase physical memory or swap space
#   Check if swap backing store is full
#   Use 64 bit Java on a 64 bit OS
#   Decrease Java heap size (-Xmx/-Xms)
#   Decrease number of Java threads
#   Decrease Java thread stack sizes (-Xss)
#   Set larger code cache with -XX:ReservedCodeCacheSize=
# This output file may be truncated or incomplete.
#
#  Out of Memory Error (allocation.cpp:390), pid=2688, tid=0x0000000000002bb8
#
# JRE version: OpenJDK Runtime Environment (8.0_152-b02) (build 1.8.0_152-release-1024-b02)
# Java VM: OpenJDK 64-Bit Server VM (25.152-b02 mixed mode windows-amd64 compressed oops)
# Failed to write core dump. Minidumps are not enabled by default on client versions of Windows
#

---------------  T H R E A D  ---------------

Current thread (0x00000000159c3000):  JavaThread "C2 CompilerThread1" daemon [_thread_in_native, id=11192, stack(0x00000000170f0000,0x00000000171f0000)]

Stack: [0x00000000170f0000,0x00000000171f0000]
[error occurred during error reporting (printing stack bounds), id 0xc0000005]

Native frames: (J=compiled Java code, j=interpreted, Vv=VM code, C=native code)


Current CompileTask:
C2:7483974 38302       4       org.gradle.api.internal.artifacts.ivyservice.resolveengine.artifact.DefaultArtifactSet::toResolvedVariant (205 bytes)


---------------  P R O C E S S  ---------------

Java Threads: ( => current thread )
  0x000000001af39800 JavaThread "Task worker for ':' Thread 3" [_thread_blocked, id=11588, stack(0x000000002a120000,0x000000002a220000)]
  0x000000001af3c800 JavaThread "Task worker for ':' Thread 2" [_thread_blocked, id=12684, stack(0x000000002a020000,0x000000002a120000)]
  0x000000001af3b800 JavaThread "Task worker for ':'" [_thread_blocked, id=8300, stack(0x0000000029f20000,0x000000002a020000)]
  0x000000001af34800 JavaThread "Cache worker for Build Output Cleanup Cache (C:\Users\Bilal Idrees\AndroidStudioProjects\Parkingsystem\.gradle\buildOutputCleanup)" [_thread_blocked, id=1768, stack(0x00000000294f0000,0x00000000295f0000)]
  0x000000001af34000 JavaThread "Cache worker for task history cache (C:\Users\Bilal Idrees\AndroidStudioProjects\Parkingsystem\.gradle\4.4\taskHistory)" [_thread_blocked, id=6372, stack(0x0000000028010000,0x0000000028110000)]
  0x000000001af37000 JavaThread "Cache worker for file content cache (C:\Users\Bilal Idrees\AndroidStudioProjects\Parkingsystem\.gradle\4.4\fileContent)" [_thread_blocked, id=13608, stack(0x0000000025140000,0x0000000025240000)]
  0x000000001af36000 JavaThread "build operations Thread 4" [_thread_blocked, id=5628, stack(0x0000000024b20000,0x0000000024c20000)]
  0x000000001af30000 JavaThread "build operations Thread 3" [_thread_blocked, id=15460, stack(0x0000000023e20000,0x0000000023f20000)]
  0x000000001af33000 JavaThread "build operations Thread 2" [_thread_in_native, id=14676, stack(0x0000000022710000,0x0000000022810000)]
  0x000000001c489000 JavaThread "build operations" [_thread_blocked, id=4048, stack(0x00000000209b0000,0x0000000020ab0000)]
  0x000000001c484800 JavaThread "Cache worker for Artifact transforms cache (C:\Users\Bilal Idrees\.gradle\caches\transforms-1)" [_thread_blocked, id=15980, stack(0x000000001dae0000,0x000000001dbe0000)]
  0x000000001c487000 JavaThread "Cache worker for file hash cache (C:\Users\Bilal Idrees\AndroidStudioProjects\Parkingsystem\.gradle\4.4\fileHashes)" [_thread_blocked, id=12748, stack(0x000000001b460000,0x000000001b560000)]
  0x000000001c484000 JavaThread "Stdin handler" [_thread_blocked, id=12628, stack(0x0000000019f90000,0x000000001a090000)]
  0x000000001c486000 JavaThread "Asynchronous log dispatcher for DefaultDaemonConnection: socket connection from /127.0.0.1:8914 to /127.0.0.1:9887" [_thread_blocked, id=15940, stack(0x0000000019e90000,0x0000000019f90000)]
  0x000000001c485800 JavaThread "Daemon worker Thread 18" [_thread_blocked, id=7584, stack(0x0000000019d90000,0x0000000019e90000)]
  0x000000001c483000 JavaThread "Cancel handler" [_thread_blocked, id=12996, stack(0x0000000019c90000,0x0000000019d90000)]
  0x000000001c47e800 JavaThread "Handler for socket connection from /127.0.0.1:8914 to /127.0.0.1:9887" [_thread_in_native, id=11416, stack(0x0000000019990000,0x0000000019a90000)]
  0x000000001c481000 JavaThread "Daemon Thread 18" [_thread_blocked, id=16176, stack(0x0000000019890000,0x0000000019990000)]
  0x00000000181c7800 JavaThread "Java2D Disposer" daemon [_thread_blocked, id=6200, stack(0x0000000024e40000,0x0000000024f40000)]
  0x000000001bb45000 JavaThread "Memory manager" [_thread_blocked, id=7848, stack(0x000000001c730000,0x000000001c830000)]
  0x0000000018b96800 JavaThread "File lock request listener" [_thread_in_native, id=12832, stack(0x000000001a390000,0x000000001a490000)]
  0x0000000018d39000 JavaThread "Cache worker for file hash cache (C:\Users\Bilal Idrees\.gradle\caches\4.4\fileHashes)" [_thread_blocked, id=14296, stack(0x000000001a290000,0x000000001a390000)]
  0x000000001887d800 JavaThread "Daemon periodic checks" [_thread_blocked, id=12892, stack(0x0000000019790000,0x0000000019890000)]
  0x000000001866c800 JavaThread "Incoming local TCP Connector on port 8914" [_thread_in_native, id=9224, stack(0x00000000195a0000,0x00000000196a0000)]
  0x0000000017320800 JavaThread "Service Thread" daemon [_thread_blocked, id=13860, stack(0x00000000176f0000,0x00000000177f0000)]
  0x00000000159cb800 JavaThread "C1 CompilerThread2" daemon [_thread_blocked, id=9036, stack(0x00000000171f0000,0x00000000172f0000)]
=>0x00000000159c3000 JavaThread "C2 CompilerThread1" daemon [_thread_in_native, id=11192, stack(0x00000000170f0000,0x00000000171f0000)]
  0x00000000159bb800 JavaThread "C2 CompilerThread0" daemon [_thread_in_native, id=11068, stack(0x0000000016ff0000,0x00000000170f0000)]
  0x00000000159ba000 JavaThread "Attach Listener" daemon [_thread_blocked, id=11548, stack(0x0000000016ef0000,0x0000000016ff0000)]
  0x00000000159b8800 JavaThread "Signal Dispatcher" daemon [_thread_blocked, id=10336, stack(0x0000000016df0000,0x0000000016ef0000)]
  0x000000000204c000 JavaThread "Finalizer" daemon [_thread_blocked, id=13084, stack(0x0000000016c10000,0x0000000016d10000)]
  0x0000000002041000 JavaThread "Reference Handler" daemon [_thread_blocked, id=14424, stack(0x0000000016b10000,0x0000000016c10000)]
  0x0000000001e4d800 JavaThread "main" [_thread_blocked, id=12016, stack(0x0000000001e50000,0x0000000001f50000)]

Other Threads:
  0x0000000015986000 VMThread [stack: 0x0000000016a10000,0x0000000016b10000] [id=3168]
  0x0000000015a1d800 WatcherThread [stack: 0x00000000177f0000,0x00000000178f0000] [id=12392]

VM state:not at safepoint (normal execution)

VM Mutex/Monitor currently owned by a thread: None

Heap:
 PSYoungGen      total 474112K, used 285906K [0x00000000e0000000, 0x0000000100000000, 0x0000000100000000)
  eden space 428032K, 60% used [0x00000000e0000000,0x00000000efb00fd8,0x00000000fa200000)
  from space 46080K, 62% used [0x00000000fd300000,0x00000000fef33890,0x0000000100000000)
  to   space 48128K, 0% used [0x00000000fa200000,0x00000000fa200000,0x00000000fd100000)
 ParOldGen       total 146944K, used 123584K [0x00000000a0000000, 0x00000000a8f80000, 0x00000000e0000000)
  object space 146944K, 84% used [0x00000000a0000000,0x00000000a78b03c8,0x00000000a8f80000)
 Metaspace       used 131804K, capacity 141866K, committed 142040K, reserved 1173504K
  class space    used 16459K, capacity 18374K, committed 18432K, reserved 1048576K

Card table byte_map: [0x0000000011410000,0x0000000011720000] byte_map_base: 0x0000000010f10000

Marking Bits: (ParMarkBitMap*) 0x00000000572d4970
 Begin Bits: [0x0000000011d20000, 0x0000000013520000)
 End Bits:   [0x0000000013520000, 0x0000000014d20000)

Polling page: 0x0000000001d50000

CodeCache: size=245760Kb used=102498Kb max_used=102953Kb free=143261Kb
 bounds [0x0000000002050000, 0x0000000008590000, 0x0000000011050000]
 total_blobs=29628 nmethods=28626 adapters=913
 compilation: enabled

Compilation events (10 events):
Event: 7481.858 Thread 0x00000000159cb800 38298       3       org.gradle.api.internal.artifacts.ivyservice.resolveengine.projectresult.ResolvedLocalComponentsResultGraphVisitor::<init> (16 bytes)
Event: 7481.859 Thread 0x00000000159cb800 nmethod 38298 0x00000000071b5990 code [0x00000000071b5b20, 0x00000000071b5ed0]
Event: 7481.861 Thread 0x00000000159bb800 38301       4       org.gradle.api.internal.artifacts.ivyservice.resolveengine.artifact.DefaultArtifactSet::singleVariant (48 bytes)
Event: 7481.861 Thread 0x00000000159c3000 38302       4       org.gradle.api.internal.artifacts.ivyservice.resolveengine.artifact.DefaultArtifactSet::toResolvedVariant (205 bytes)
Event: 7481.862 Thread 0x00000000159cb800 38299       3       org.gradle.api.internal.artifacts.ivyservice.resolutionstrategy.DefaultResolutionStrategy_Decorated::getResolutionRules (37 bytes)
Event: 7481.863 Thread 0x00000000159cb800 nmethod 38299 0x0000000005e74290 code [0x0000000005e74460, 0x0000000005e74ba8]
Event: 7481.867 Thread 0x00000000159cb800 38300       3       org.gradle.api.internal.artifacts.ivyservice.resolutionstrategy.DefaultResolutionStrategy_Decorated::getCachePolicy (37 bytes)
Event: 7481.868 Thread 0x00000000159cb800 nmethod 38300 0x0000000007c193d0 code [0x0000000007c195a0, 0x0000000007c19cc8]
Event: 7481.876 Thread 0x00000000159cb800 38304       3       java.lang.ThreadLocal$ThreadLocalMap::resize (129 bytes)
Event: 7481.877 Thread 0x00000000159cb800 nmethod 38304 0x0000000006b66c10 code [0x0000000006b66dc0, 0x0000000006b67630]

GC Heap History (10 events):
Event: 6701.284 GC heap before
{Heap before GC invocations=63 (full 7):
 PSYoungGen      total 491008K, used 482872K [0x00000000e0000000, 0x0000000100000000, 0x0000000100000000)
  eden space 462336K, 100% used [0x00000000e0000000,0x00000000fc380000,0x00000000fc380000)
  from space 28672K, 71% used [0x00000000fc380000,0x00000000fd78e060,0x00000000fdf80000)
  to   space 31232K, 0% used [0x00000000fe180000,0x00000000fe180000,0x0000000100000000)
 ParOldGen       total 146944K, used 98116K [0x00000000a0000000, 0x00000000a8f80000, 0x00000000e0000000)
  object space 146944K, 66% used [0x00000000a0000000,0x00000000a5fd10c8,0x00000000a8f80000)
 Metaspace       used 131347K, capacity 141370K, committed 141528K, reserved 1173504K
  class space    used 16440K, capacity 18345K, committed 18432K, reserved 1048576K
Event: 6701.334 GC heap after
Heap after GC invocations=63 (full 7):
 PSYoungGen      total 494080K, used 7552K [0x00000000e0000000, 0x00000000fff80000, 0x0000000100000000)
  eden space 463360K, 0% used [0x00000000e0000000,0x00000000e0000000,0x00000000fc480000)
  from space 30720K, 24% used [0x00000000fe180000,0x00000000fe8e03a0,0x00000000fff80000)
  to   space 29696K, 0% used [0x00000000fc480000,0x00000000fc480000,0x00000000fe180000)
 ParOldGen       total 146944K, used 98124K [0x00000000a0000000, 0x00000000a8f80000, 0x00000000e0000000)
  object space 146944K, 66% used [0x00000000a0000000,0x00000000a5fd30c8,0x00000000a8f80000)
 Metaspace       used 131347K, capacity 141370K, committed 141528K, reserved 1173504K
  class space    used 16440K, capacity 18345K, committed 18432K, reserved 1048576K
}
Event: 6703.009 GC heap before
{Heap before GC invocations=64 (full 7):
 PSYoungGen      total 494080K, used 470912K [0x00000000e0000000, 0x00000000fff80000, 0x0000000100000000)
  eden space 463360K, 100% used [0x00000000e0000000,0x00000000fc480000,0x00000000fc480000)
  from space 30720K, 24% used [0x00000000fe180000,0x00000000fe8e03a0,0x00000000fff80000)
  to   space 29696K, 0% used [0x00000000fc480000,0x00000000fc480000,0x00000000fe180000)
 ParOldGen       total 146944K, used 98124K [0x00000000a0000000, 0x00000000a8f80000, 0x00000000e0000000)
  object space 146944K, 66% used [0x00000000a0000000,0x00000000a5fd30c8,0x00000000a8f80000)
 Metaspace       used 131419K, capacity 141484K, committed 141784K, reserved 1173504K
  class space    used 16450K, capacity 18364K, committed 18432K, reserved 1048576K
Event: 6703.030 GC heap after
Heap after GC invocations=64 (full 7):
 PSYoungGen      total 472576K, used 8944K [0x00000000e0000000, 0x00000000ffb00000, 0x0000000100000000)
  eden space 463360K, 0% used [0x00000000e0000000,0x00000000e0000000,0x00000000fc480000)
  from space 9216K, 97% used [0x00000000fc480000,0x00000000fcd3c070,0x00000000fcd80000)
  to   space 27648K, 0% used [0x00000000fe000000,0x00000000fe000000,0x00000000ffb00000)
 ParOldGen       total 146944K, used 98132K [0x00000000a0000000, 0x00000000a8f80000, 0x00000000e0000000)
  object space 146944K, 66% used [0x00000000a0000000,0x00000000a5fd50c8,0x00000000a8f80000)
 Metaspace       used 131419K, capacity 141484K, committed 141784K, reserved 1173504K
  class space    used 16450K, capacity 18364K, committed 18432K, reserved 1048576K
}
Event: 6707.548 GC heap before
{Heap before GC invocations=65 (full 7):
 PSYoungGen      total 472576K, used 472304K [0x00000000e0000000, 0x00000000ffb00000, 0x0000000100000000)
  eden space 463360K, 100% used [0x00000000e0000000,0x00000000fc480000,0x00000000fc480000)
  from space 9216K, 97% used [0x00000000fc480000,0x00000000fcd3c070,0x00000000fcd80000)
  to   space 27648K, 0% used [0x00000000fe000000,0x00000000fe000000,0x00000000ffb00000)
 ParOldGen       total 146944K, used 98132K [0x00000000a0000000, 0x00000000a8f80000, 0x00000000e0000000)
  object space 146944K, 66% used [0x00000000a0000000,0x00000000a5fd50c8,0x00000000a8f80000)
 Metaspace       used 131641K, capacity 141752K, committed 142040K, reserved 1173504K
  class space    used 16454K, capacity 18367K, committed 18432K, reserved 1048576K
Event: 6707.886 GC heap after
Heap after GC invocations=65 (full 7):
 PSYoungGen      total 468992K, used 27640K [0x00000000e0000000, 0x0000000100000000, 0x0000000100000000)
  eden space 441344K, 0% used [0x00000000e0000000,0x00000000e0000000,0x00000000faf00000)
  from space 27648K, 99% used [0x00000000fe000000,0x00000000ffafe1d8,0x00000000ffb00000)
  to   space 41472K, 0% used [0x00000000faf00000,0x00000000faf00000,0x00000000fd780000)
 ParOldGen       total 146944K, used 121594K [0x00000000a0000000, 0x00000000a8f80000, 0x00000000e0000000)
  object space 146944K, 82% used [0x00000000a0000000,0x00000000a76beb18,0x00000000a8f80000)
 Metaspace       used 131641K, capacity 141752K, committed 142040K, reserved 1173504K
  class space    used 16454K, capacity 18367K, committed 18432K, reserved 1048576K
}
Event: 6711.890 GC heap before
{Heap before GC invocations=66 (full 7):
 PSYoungGen      total 468992K, used 468859K [0x00000000e0000000, 0x0000000100000000, 0x0000000100000000)
  eden space 441344K, 99% used [0x00000000e0000000,0x00000000faee0c90,0x00000000faf00000)
  from space 27648K, 99% used [0x00000000fe000000,0x00000000ffafe1d8,0x00000000ffb00000)
  to   space 41472K, 0% used [0x00000000faf00000,0x00000000faf00000,0x00000000fd780000)
 ParOldGen       total 146944K, used 121594K [0x00000000a0000000, 0x00000000a8f80000, 0x00000000e0000000)
  object space 146944K, 82% used [0x00000000a0000000,0x00000000a76beb18,0x00000000a8f80000)
 Metaspace       used 131709K, capacity 141790K, committed 142040K, reserved 1173504K
  class space    used 16456K, capacity 18372K, committed 18432K, reserved 1048576K
Event: 6711.956 GC heap after
Heap after GC invocations=66 (full 7):
 PSYoungGen      total 478208K, used 36561K [0x00000000e0000000, 0x0000000100000000, 0x0000000100000000)
  eden space 441344K, 0% used [0x00000000e0000000,0x00000000e0000000,0x00000000faf00000)
  from space 36864K, 99% used [0x00000000faf00000,0x00000000fd2b4520,0x00000000fd300000)
  to   space 46080K, 0% used [0x00000000fd300000,0x00000000fd300000,0x0000000100000000)
 ParOldGen       total 146944K, used 122660K [0x00000000a0000000, 0x00000000a8f80000, 0x00000000e0000000)
  object space 146944K, 83% used [0x00000000a0000000,0x00000000a77c9008,0x00000000a8f80000)
 Metaspace       used 131709K, capacity 141790K, committed 142040K, reserved 1173504K
  class space    used 16456K, capacity 18372K, committed 18432K, reserved 1048576K
}
Event: 7397.373 GC heap before
{Heap before GC invocations=67 (full 7):
 PSYoungGen      total 478208K, used 477905K [0x00000000e0000000, 0x0000000100000000, 0x0000000100000000)
  eden space 441344K, 100% used [0x00000000e0000000,0x00000000faf00000,0x00000000faf00000)
  from space 36864K, 99% used [0x00000000faf00000,0x00000000fd2b4520,0x00000000fd300000)
  to   space 46080K, 0% used [0x00000000fd300000,0x00000000fd300000,0x0000000100000000)
 ParOldGen       total 146944K, used 122660K [0x00000000a0000000, 0x00000000a8f80000, 0x00000000e0000000)
  object space 146944K, 83% used [0x00000000a0000000,0x00000000a77c9008,0x00000000a8f80000)
 Metaspace       used 131739K, capacity 141790K, committed 142040K, reserved 1173504K
  class space    used 16456K, capacity 18372K, committed 18432K, reserved 1048576K
Event: 7397.646 GC heap after
Heap after GC invocations=67 (full 7):
 PSYoungGen      total 474112K, used 28878K [0x00000000e0000000, 0x0000000100000000, 0x0000000100000000)
  eden space 428032K, 0% used [0x00000000e0000000,0x00000000e0000000,0x00000000fa200000)
  from space 46080K, 62% used [0x00000000fd300000,0x00000000fef33890,0x0000000100000000)
  to   space 48128K, 0% used [0x00000000fa200000,0x00000000fa200000,0x00000000fd100000)
 ParOldGen       total 146944K, used 123584K [0x00000000a0000000, 0x00000000a8f80000, 0x00000000e0000000)
  object space 146944K, 84% used [0x00000000a0000000,0x00000000a78b03c8,0x00000000a8f80000)
 Metaspace       used 131739K, capacity 141790K, committed 142040K, reserved 1173504K
  class space    used 16456K, capacity 18372K, committed 18432K, reserved 1048576K
}

Deoptimization events (10 events):
Event: 6709.421 Thread 0x000000001bb45800 Uncommon trap: reason=unstable_if action=reinterpret pc=0x00000000083985e8 method=com.android.tools.r8.graph.DexValue$NestedDexValue.equals(Ljava/lang/Object;)Z @ 2
Event: 7386.889 Thread 0x000000001af36000 Uncommon trap: reason=null_check action=make_not_entrant pc=0x0000000007881c30 method=org.gradle.api.internal.project.taskfactory.InputPropertyAnnotationHandler.attachActions(Lorg/gradle/api/internal/project/taskfactory/TaskPropertyActionContext;)V @ 36
Event: 7388.661 Thread 0x000000001b594800 Uncommon trap: reason=unstable_if action=reinterpret pc=0x00000000041a10b4 method=com.android.ide.common.res2.FileResourceNameValidator.getErrorTextForNameWithoutExtension(Ljava/lang/String;Lcom/android/resources/ResourceFolderType;)Ljava/lang/String; @ 7
Event: 7388.668 Thread 0x000000001b594800 Uncommon trap: reason=unstable_if action=reinterpret pc=0x000000000469a4dc method=java.util.Formatter$FormatSpecifier.<init>(Ljava/util/Formatter;Ljava/util/regex/Matcher;)V @ 169
Event: 7388.674 Thread 0x000000001b594800 Uncommon trap: reason=unstable_if action=reinterpret pc=0x000000000806ced4 method=com.android.ide.common.res2.FileResourceNameValidator.validate(Ljava/io/File;Lcom/android/resources/ResourceFolderType;)V @ 10
Event: 7388.693 Thread 0x000000001b594800 Uncommon trap: reason=class_check action=maybe_recompile pc=0x0000000007e6de8c method=com.google.common.base.Joiner.toString(Ljava/lang/Object;)Ljava/lang/CharSequence; @ 20
Event: 7388.724 Thread 0x000000001b594800 Uncommon trap: reason=class_check action=maybe_recompile pc=0x0000000007e6de8c method=com.google.common.base.Joiner.toString(Ljava/lang/Object;)Ljava/lang/CharSequence; @ 20
Event: 7396.807 Thread 0x000000001af36000 Uncommon trap: reason=null_check action=make_not_entrant pc=0x0000000004a42cc0 method=org.gradle.api.internal.project.taskfactory.InputPropertyAnnotationHandler.attachActions(Lorg/gradle/api/internal/project/taskfactory/TaskPropertyActionContext;)V @ 46
Event: 7397.728 Thread 0x000000001af36000 Uncommon trap: reason=null_check action=make_not_entrant pc=0x00000000059ca7b8 method=java.lang.ThreadLocal$ThreadLocalMap.set(Ljava/lang/ThreadLocal;Ljava/lang/Object;)V @ 36
Event: 7410.005 Thread 0x000000001c47e800 Uncommon trap: reason=unstable_if action=reinterpret pc=0x00000000030a3e9c method=java.util.concurrent.locks.AbstractQueuedSynchronizer.doReleaseShared()V @ 24

Classes redefined (0 events):
No events

Internal exceptions (10 events):
Event: 6708.608 Thread 0x000000001c484800 Exception <a 'sun/nio/fs/WindowsException'> (0x00000000e6685948) thrown at [D:\src\AOSP-openjdk-cygwin\jdk8u\hotspot\src\share\vm\prims\jni.cpp, line 709]
Event: 6708.627 Thread 0x000000001b595000 Exception <a 'sun/nio/fs/WindowsException'> (0x00000000e68c1be8) thrown at [D:\src\AOSP-openjdk-cygwin\jdk8u\hotspot\src\share\vm\prims\jni.cpp, line 709]
Event: 6708.632 Thread 0x00000000181ca000 Exception <a 'sun/nio/fs/WindowsException'> (0x00000000e6d170d8) thrown at [D:\src\AOSP-openjdk-cygwin\jdk8u\hotspot\src\share\vm\prims\jni.cpp, line 709]
Event: 6708.633 Thread 0x000000001bb45800 Exception <a 'sun/nio/fs/WindowsException'> (0x00000000e765cb18) thrown at [D:\src\AOSP-openjdk-cygwin\jdk8u\hotspot\src\share\vm\prims\jni.cpp, line 709]
Event: 6709.451 Thread 0x000000001bb45800 Exception <a 'sun/nio/fs/WindowsException'> (0x00000000ef1aef88) thrown at [D:\src\AOSP-openjdk-cygwin\jdk8u\hotspot\src\share\vm\prims\jni.cpp, line 709]
Event: 7386.482 Thread 0x000000001af36000 Exception <a 'sun/nio/fs/WindowsException'> (0x00000000f4e774f0) thrown at [D:\src\AOSP-openjdk-cygwin\jdk8u\hotspot\src\share\vm\prims\jni.cpp, line 709]
Event: 7396.765 Thread 0x000000001af36000 Exception <a 'sun/nio/fs/WindowsException'> (0x00000000f8f3b2e0) thrown at [D:\src\AOSP-openjdk-cygwin\jdk8u\hotspot\src\share\vm\prims\jni.cpp, line 709]
Event: 7397.728 Thread 0x000000001af36000 Implicit null exception at 0x00000000059c4519 to 0x00000000059ca765
Event: 7408.678 Thread 0x000000001af36000 Exception <a 'sun/nio/fs/WindowsException'> (0x00000000e6366b60) thrown at [D:\src\AOSP-openjdk-cygwin\jdk8u\hotspot\src\share\vm\prims\jni.cpp, line 709]
Event: 7481.411 Thread 0x000000001c485800 Exception <a 'sun/nio/fs/WindowsException'> (0x00000000ee1d1108) thrown at [D:\src\AOSP-openjdk-cygwin\jdk8u\hotspot\src\share\vm\prims\jni.cpp, line 709]

Events (10 events):
Event: 7481.585 loading class org/gradle/internal/serialize/AbstractDecoder$1 done
Event: 7481.591 Thread 0x00000000159c3000 flushing nmethod 0x0000000002af01d0
Event: 7481.592 Thread 0x00000000159c3000 flushing nmethod 0x0000000002d7a190
Event: 7481.593 Thread 0x00000000159c3000 flushing nmethod 0x0000000002d7dd50
Event: 7481.597 Executing VM operation: RevokeBias
Event: 7481.598 Executing VM operation: RevokeBias done
Event: 7481.601 Thread 0x00000000159bb800 flushing nmethod 0x0000000002ec7f10
Event: 7481.620 Thread 0x00000000159c3000 flushing nmethod 0x00000000033c3b10
Event: 7481.862 Thread 0x00000000159cb800 flushing nmethod 0x000000000420d990
Event: 7481.870 Thread 0x00000000159cb800 flushing nmethod 0x0000000004d91c90


Dynamic libraries:
0x00007ff771130000 - 0x00007ff771161000 	E:\Android\jre\bin\java.exe
0x00007ffe03640000 - 0x00007ffe037ed000 	C:\Windows\SYSTEM32\ntdll.dll
0x00007ffe02880000 - 0x00007ffe029be000 	C:\Windows\system32\KERNEL32.DLL
0x00007ffde67b0000 - 0x00007ffde67e4000 	C:\Program Files\AVAST Software\Avast\x64\aswhooka.dll
0x00007ffe00850000 - 0x00007ffe00965000 	C:\Windows\system32\KERNELBASE.dll
0x00007ffe033f0000 - 0x00007ffe0349a000 	C:\Windows\system32\ADVAPI32.dll
0x00007ffe02fe0000 - 0x00007ffe03157000 	C:\Windows\system32\USER32.dll
0x00007ffdfe3c0000 - 0x00007ffdfe63a000 	C:\Windows\WinSxS\amd64_microsoft.windows.common-controls_6595b64144ccf1df_6.0.9600.17810_none_6240b9c7ecbd0bda\COMCTL32.dll
0x00007ffe03340000 - 0x00007ffe033ea000 	C:\Windows\system32\msvcrt.dll
0x00007ffe00cb0000 - 0x00007ffe00d09000 	C:\Windows\SYSTEM32\sechost.dll
0x00007ffe02ba0000 - 0x00007ffe02ce1000 	C:\Windows\system32\RPCRT4.dll
0x00007ffe02530000 - 0x00007ffe0267f000 	C:\Windows\system32\GDI32.dll
0x00007ffe026e0000 - 0x00007ffe02716000 	C:\Windows\system32\IMM32.DLL
0x00007ffe02720000 - 0x00007ffe02872000 	C:\Windows\system32\MSCTF.dll
0x00000000569b0000 - 0x0000000056a82000 	E:\Android\jre\jre\bin\msvcr100.dll
0x0000000056b10000 - 0x000000005734f000 	E:\Android\jre\jre\bin\server\jvm.dll
0x00007ffdf8a20000 - 0x00007ffdf8a29000 	C:\Windows\SYSTEM32\WSOCK32.dll
0x00007ffdf84a0000 - 0x00007ffdf84c2000 	C:\Windows\SYSTEM32\WINMM.dll
0x00007ffdf67d0000 - 0x00007ffdf67da000 	C:\Windows\SYSTEM32\VERSION.dll
0x00007ffe00d10000 - 0x00007ffe00d17000 	C:\Windows\system32\PSAPI.DLL
0x00007ffe03570000 - 0x00007ffe035ca000 	C:\Windows\system32\WS2_32.dll
0x00007ffdf8470000 - 0x00007ffdf849a000 	C:\Windows\SYSTEM32\WINMMBASE.dll
0x00007ffe03330000 - 0x00007ffe03339000 	C:\Windows\system32\NSI.dll
0x00007ffe00c60000 - 0x00007ffe00caf000 	C:\Windows\SYSTEM32\cfgmgr32.dll
0x00007ffdff560000 - 0x00007ffdff588000 	C:\Windows\SYSTEM32\DEVOBJ.dll
0x00007ffdfea00000 - 0x00007ffdfea0f000 	E:\Android\jre\jre\bin\verify.dll
0x00007ffdfb960000 - 0x00007ffdfb989000 	E:\Android\jre\jre\bin\java.dll
0x00007ffdfc0c0000 - 0x00007ffdfc0d6000 	E:\Android\jre\jre\bin\zip.dll
0x00007ffe01000000 - 0x00007ffe02528000 	C:\Windows\system32\SHELL32.dll
0x00007ffe02dc0000 - 0x00007ffe02fd2000 	C:\Windows\SYSTEM32\combase.dll
0x00007ffe00d20000 - 0x00007ffe00d74000 	C:\Windows\system32\SHLWAPI.dll
0x00007ffdfece0000 - 0x00007ffdfed92000 	C:\Windows\SYSTEM32\SHCORE.dll
0x00007ffe00780000 - 0x00007ffe00795000 	C:\Windows\SYSTEM32\profapi.dll
0x00007ffdfb940000 - 0x00007ffdfb95a000 	E:\Android\jre\jre\bin\net.dll
0x00007ffe00050000 - 0x00007ffe000a9000 	C:\Windows\system32\mswsock.dll
0x00007ffdfb920000 - 0x00007ffdfb931000 	E:\Android\jre\jre\bin\nio.dll
0x00007ffdf9d60000 - 0x00007ffdf9d7e000 	C:\Users\Bilal Idrees\.gradle\native\25\windows-amd64\native-platform.dll
0x00007ffdfc100000 - 0x00007ffdfc10d000 	E:\Android\jre\jre\bin\management.dll
0x00007ffe000b0000 - 0x00007ffe000d0000 	C:\Windows\SYSTEM32\CRYPTSP.dll
0x00007ffdffc80000 - 0x00007ffdffcb6000 	C:\Windows\system32\rsaenh.dll
0x00007ffe00300000 - 0x00007ffe00326000 	C:\Windows\SYSTEM32\bcrypt.dll
0x00007ffdffd90000 - 0x00007ffdffdb1000 	C:\Windows\SYSTEM32\USERENV.dll
0x00007ffe00650000 - 0x00007ffe006b3000 	C:\Windows\system32\bcryptprimitives.dll
0x00007ffe006c0000 - 0x00007ffe006cb000 	C:\Windows\SYSTEM32\CRYPTBASE.dll
0x00007ffdfb090000 - 0x00007ffdfb0ba000 	C:\Windows\SYSTEM32\IPHLPAPI.DLL
0x00007ffdfb080000 - 0x00007ffdfb08a000 	C:\Windows\SYSTEM32\WINNSI.DLL
0x00007ffdfab50000 - 0x00007ffdfab66000 	C:\Windows\SYSTEM32\dhcpcsvc6.DLL
0x00007ffdfad50000 - 0x00007ffdfad6a000 	C:\Windows\SYSTEM32\dhcpcsvc.DLL
0x00007ffdf17a0000 - 0x00007ffdf1936000 	E:\Android\jre\jre\bin\awt.dll
0x00007ffe02cf0000 - 0x00007ffe02db6000 	C:\Windows\system32\OLEAUT32.dll
0x00007ffdf7fe0000 - 0x00007ffdf8461000 	C:\Windows\SYSTEM32\d2d1.dll
0x00007ffdff310000 - 0x00007ffdff39e000 	C:\Windows\system32\apphelp.dll
0x00007ffdfeae0000 - 0x00007ffdfeb01000 	C:\Windows\system32\DWMAPI.DLL
0x00007ffdff3e0000 - 0x00007ffdff509000 	C:\Windows\system32\uxtheme.dll
0x00007ffdfa190000 - 0x00007ffdfa1b4000 	E:\Android\jre\jre\bin\sunec.dll
0x00007ffdffe50000 - 0x00007ffdffef4000 	C:\Windows\SYSTEM32\DNSAPI.dll
0x00007ffdeefe0000 - 0x00007ffdeefea000 	C:\Windows\System32\rasadhlp.dll
0x00007ffdfac20000 - 0x00007ffdfac8b000 	C:\Windows\System32\fwpuclnt.dll
0x00007ffdfa4c0000 - 0x00007ffdfa4cb000 	E:\Android\jre\jre\bin\sunmscapi.dll
0x00007ffe00970000 - 0x00007ffe00b4f000 	C:\Windows\system32\CRYPT32.dll
0x00007ffe00830000 - 0x00007ffe00841000 	C:\Windows\system32\MSASN1.dll
0x00007ffdf9440000 - 0x00007ffdf9472000 	C:\Windows\SYSTEM32\ntmarta.dll

VM Arguments:
jvm_args: -Xmx1536m -Dfile.encoding=windows-1252 -Duser.country=US -Duser.language=en -Duser.variant 
java_command: org.gradle.launcher.daemon.bootstrap.GradleDaemon 4.4
java_class_path (initial): C:\Users\Bilal Idrees\.gradle\wrapper\dists\gradle-4.4-all\9br9xq1tocpiv8o6njlyu5op1\gradle-4.4\lib\gradle-launcher-4.4.jar
Launcher Type: SUN_STANDARD

Environment Variables:
JAVA_HOME=C:\Program Files\Java\jdk1.8.0_131
PATH=C:\ProgramData\Oracle\Java\javapath;C:\Windows\system32;C:\Windows;C:\Windows\System32\Wbem;C:\Windows\System32\WindowsPowerShell\v1.0\;C:\Program Files (x86)\Windows Kits\8.1\Windows Performance Toolkit\;C:\Program Files\Microsoft SQL Server\110\Tools\Binn\;C:\Program Files (x86)\Microsoft SQL Server\100\Tools\Binn\;C:\Program Files\Microsoft SQL Server\100\Tools\Binn\;C:\Program Files\Microsoft SQL Server\100\DTS\Binn\;C:\Program Files (x86)\Microsoft SQL Server\100\Tools\Binn\VSShell\Common7\IDE\;C:\Program Files (x86)\Microsoft SQL Server\100\DTS\Binn\;C:\Program Files (x86)\GtkSharp\2.12\bin;C:\Program Files\Git\cmd;;C:\Program Files\Microsoft VS Code\bin
USERNAME=Bilal Idrees
OS=Windows_NT
PROCESSOR_IDENTIFIER=Intel64 Family 6 Model 69 Stepping 1, GenuineIntel



---------------  S Y S T E M  ---------------

OS: Windows 8.1 , 64 bit Build 9600 (6.3.9600.17415)

CPU:total 4 (initial active 4) (2 cores per cpu, 2 threads per core) family 6 model 69 stepping 1, cmov, cx8, fxsr, mmx, sse, sse2, sse3, ssse3, sse4.1, sse4.2, popcnt, avx, avx2, aes, clmul, erms, rtm, lzcnt, ht, tsc, tscinvbit, bmi1, bmi2

Memory: 4k page, physical 4097580k(110508k free), swap 7243308k(5312k free)

vm_info: OpenJDK 64-Bit Server VM (25.152-b02) for windows-amd64 JRE (1.8.0_152-release-1024-b02), built by "builder" with MS VC++ 10.0 (VS2010)

time: Sat Aug 25 19:44:34 2018
elapsed time: 7482 seconds (0d 2h 4m 42s)

